SF:lib/google_parser.dart
DA:2,1
DA:3,3
DA:4,1
DA:7,1
DA:8,1
DA:9,1
DA:10,2
DA:11,3
DA:12,3
DA:14,1
LF:10
LH:10
end_of_record
SF:lib/news_trends_parser.dart
DA:2,1
DA:3,3
DA:7,1
DA:8,1
DA:9,1
DA:10,2
DA:11,3
DA:12,3
DA:14,1
LF:9
LH:9
end_of_record
SF:lib/stocks_trends_parser.dart
DA:2,1
DA:3,3
DA:4,3
DA:5,1
DA:11,1
DA:12,1
DA:13,1
DA:14,4
DA:15,0
DA:16,0
DA:17,0
DA:19,1
DA:20,2
DA:21,2
DA:25,1
LF:15
LH:12
end_of_record
SF:lib/youtube_trends_parser.dart
DA:2,1
DA:3,4
DA:4,1
DA:7,1
DA:8,1
DA:9,1
DA:10,2
DA:11,4
DA:12,3
DA:14,1
LF:10
LH:10
end_of_record
